# JRE version: OpenJDK Runtime Environment (7.0_51) (build 1.7.0_51-b00)
# Java VM: OpenJDK 64-Bit Server VM (24.45-b08 mixed mode linux-amd64 compressed oops)
Heap
 PSYoungGen      total 37376K, used 1497K [0x00000007d6a00000, 0x00000007d9380000, 0x0000000800000000)
  eden space 32256K, 4% used [0x00000007d6a00000,0x00000007d6b76740,0x00000007d8980000)
  from space 5120K, 0% used [0x00000007d8980000,0x00000007d8980000,0x00000007d8e80000)
  to   space 5120K, 0% used [0x00000007d8e80000,0x00000007d8e80000,0x00000007d9380000)
 ParOldGen       total 84480K, used 18042K [0x0000000783e00000, 0x0000000789080000, 0x00000007d6a00000)
  object space 84480K, 21% used [0x0000000783e00000,0x0000000784f9eb18,0x0000000789080000)
 PSPermGen       total 21504K, used 18750K [0x0000000779800000, 0x000000077ad00000, 0x0000000783e00000)
  object space 21504K, 87% used [0x0000000779800000,0x000000077aa4f9c8,0x000000077ad00000)
GC Heap History (10 events):
Event: 10947,885 GC heap before
{Heap before GC invocations=102 (full 49):
 PSYoungGen      total 37376K, used 96K [0x00000007d6a00000, 0x00000007d9380000, 0x0000000800000000)
  eden space 32256K, 0% used [0x00000007d6a00000,0x00000007d6a00000,0x00000007d8980000)
  from space 5120K, 1% used [0x00000007d8980000,0x00000007d8998000,0x00000007d8e80000)
  to   space 5120K, 0% used [0x00000007d8e80000,0x00000007d8e80000,0x00000007d9380000)
 ParOldGen       total 84480K, used 20914K [0x0000000783e00000, 0x0000000789080000, 0x00000007d6a00000)
  object space 84480K, 24% used [0x0000000783e00000,0x000000078526caa0,0x0000000789080000)
 PSPermGen       total 21504K, used 18734K [0x0000000779800000, 0x000000077ad00000, 0x0000000783e00000)
  object space 21504K, 87% used [0x0000000779800000,0x000000077aa4bbd8,0x000000077ad00000)
Event: 10947,916 GC heap after
Heap after GC invocations=102 (full 49):
 PSYoungGen      total 37376K, used 0K [0x00000007d6a00000, 0x00000007d9380000, 0x0000000800000000)
  eden space 32256K, 0% used [0x00000007d6a00000,0x00000007d6a00000,0x00000007d8980000)
  from space 5120K, 0% used [0x00000007d8980000,0x00000007d8980000,0x00000007d8e80000)
  to   space 5120K, 0% used [0x00000007d8e80000,0x00000007d8e80000,0x00000007d9380000)
 ParOldGen       total 84480K, used 20887K [0x0000000783e00000, 0x0000000789080000, 0x00000007d6a00000)
  object space 84480K, 24% used [0x0000000783e00000,0x0000000785265fd8,0x0000000789080000)
 PSPermGen       total 21504K, used 18734K [0x0000000779800000, 0x000000077ad00000, 0x0000000783e00000)
  object space 21504K, 87% used [0x0000000779800000,0x000000077aa4bb98,0x000000077ad00000)
}
Event: 11144,553 GC heap before
{Heap before GC invocations=103 (full 49):
 PSYoungGen      total 37376K, used 8580K [0x00000007d6a00000, 0x00000007d9380000, 0x0000000800000000)
  eden space 32256K, 26% used [0x00000007d6a00000,0x00000007d7261138,0x00000007d8980000)
  from space 5120K, 0% used [0x00000007d8980000,0x00000007d8980000,0x00000007d8e80000)
  to   space 5120K, 0% used [0x00000007d8e80000,0x00000007d8e80000,0x00000007d9380000)
 ParOldGen       total 84480K, used 20887K [0x0000000783e00000, 0x0000000789080000, 0x00000007d6a00000)
  object space 84480K, 24% used [0x0000000783e00000,0x0000000785265fd8,0x0000000789080000)
 PSPermGen       total 21504K, used 18737K [0x0000000779800000, 0x000000077ad00000, 0x0000000783e00000)
  object space 21504K, 87% used [0x0000000779800000,0x000000077aa4c5d0,0x000000077ad00000)
Event: 11144,557 GC heap after
Heap after GC invocations=103 (full 49):
 PSYoungGen      total 37376K, used 160K [0x00000007d6a00000, 0x00000007d9380000, 0x0000000800000000)
  eden space 32256K, 0% used [0x00000007d6a00000,0x00000007d6a00000,0x00000007d8980000)
  from space 5120K, 3% used [0x00000007d8e80000,0x00000007d8ea8000,0x00000007d9380000)
  to   space 5120K, 0% used [0x00000007d8980000,0x00000007d8980000,0x00000007d8e80000)
 ParOldGen       total 84480K, used 20887K [0x0000000783e00000, 0x0000000789080000, 0x00000007d6a00000)
  object space 84480K, 24% used [0x0000000783e00000,0x0000000785265fd8,0x0000000789080000)
 PSPermGen       total 21504K, used 18737K [0x0000000779800000, 0x000000077ad00000, 0x0000000783e00000)
  object space 21504K, 87% used [0x0000000779800000,0x000000077aa4c5d0,0x000000077ad00000)
}
Event: 11144,557 GC heap before
{Heap before GC invocations=104 (full 50):
 PSYoungGen      total 37376K, used 160K [0x00000007d6a00000, 0x00000007d9380000, 0x0000000800000000)
  eden space 32256K, 0% used [0x00000007d6a00000,0x00000007d6a00000,0x00000007d8980000)
  from space 5120K, 3% used [0x00000007d8e80000,0x00000007d8ea8000,0x00000007d9380000)
  to   space 5120K, 0% used [0x00000007d8980000,0x00000007d8980000,0x00000007d8e80000)
 ParOldGen       total 84480K, used 20887K [0x0000000783e00000, 0x0000000789080000, 0x00000007d6a00000)
  object space 84480K, 24% used [0x0000000783e00000,0x0000000785265fd8,0x0000000789080000)
 PSPermGen       total 21504K, used 18737K [0x0000000779800000, 0x000000077ad00000, 0x0000000783e00000)
  object space 21504K, 87% used [0x0000000779800000,0x000000077aa4c5d0,0x000000077ad00000)
Event: 11144,597 GC heap after
Heap after GC invocations=104 (full 50):
 PSYoungGen      total 37376K, used 0K [0x00000007d6a00000, 0x00000007d9380000, 0x0000000800000000)
  eden space 32256K, 0% used [0x00000007d6a00000,0x00000007d6a00000,0x00000007d8980000)
  from space 5120K, 0% used [0x00000007d8e80000,0x00000007d8e80000,0x00000007d9380000)
  to   space 5120K, 0% used [0x00000007d8980000,0x00000007d8980000,0x00000007d8e80000)
 ParOldGen       total 84480K, used 20942K [0x0000000783e00000, 0x0000000789080000, 0x00000007d6a00000)
  object space 84480K, 24% used [0x0000000783e00000,0x0000000785273a88,0x0000000789080000)
 PSPermGen       total 21504K, used 18737K [0x0000000779800000, 0x000000077ad00000, 0x0000000783e00000)
  object space 21504K, 87% used [0x0000000779800000,0x000000077aa4c5b0,0x000000077ad00000)
}
Event: 11145,720 GC heap before
{Heap before GC invocations=105 (full 50):
 PSYoungGen      total 37376K, used 522K [0x00000007d6a00000, 0x00000007d9380000, 0x0000000800000000)
  eden space 32256K, 1% used [0x00000007d6a00000,0x00000007d6a82bc8,0x00000007d8980000)
  from space 5120K, 0% used [0x00000007d8e80000,0x00000007d8e80000,0x00000007d9380000)
  to   space 5120K, 0% used [0x00000007d8980000,0x00000007d8980000,0x00000007d8e80000)
 ParOldGen       total 84480K, used 20942K [0x0000000783e00000, 0x0000000789080000, 0x00000007d6a00000)
  object space 84480K, 24% used [0x0000000783e00000,0x0000000785273a88,0x0000000789080000)
 PSPermGen       total 21504K, used 18737K [0x0000000779800000, 0x000000077ad00000, 0x0000000783e00000)
  object space 21504K, 87% used [0x0000000779800000,0x000000077aa4c768,0x000000077ad00000)
Event: 11145,723 GC heap after
Heap after GC invocations=105 (full 50):
 PSYoungGen      total 37376K, used 160K [0x00000007d6a00000, 0x00000007d9380000, 0x0000000800000000)
  eden space 32256K, 0% used [0x00000007d6a00000,0x00000007d6a00000,0x00000007d8980000)
  from space 5120K, 3% used [0x00000007d8980000,0x00000007d89a8000,0x00000007d8e80000)
  to   space 5120K, 0% used [0x00000007d8e80000,0x00000007d8e80000,0x00000007d9380000)
 ParOldGen       total 84480K, used 20942K [0x0000000783e00000, 0x0000000789080000, 0x00000007d6a00000)
  object space 84480K, 24% used [0x0000000783e00000,0x0000000785273a88,0x0000000789080000)
 PSPermGen       total 21504K, used 18737K [0x0000000779800000, 0x000000077ad00000, 0x0000000783e00000)
  object space 21504K, 87% used [0x0000000779800000,0x000000077aa4c768,0x000000077ad00000)
}
Event: 11145,723 GC heap before
{Heap before GC invocations=106 (full 51):
 PSYoungGen      total 37376K, used 160K [0x00000007d6a00000, 0x00000007d9380000, 0x0000000800000000)
  eden space 32256K, 0% used [0x00000007d6a00000,0x00000007d6a00000,0x00000007d8980000)
  from space 5120K, 3% used [0x00000007d8980000,0x00000007d89a8000,0x00000007d8e80000)
  to   space 5120K, 0% used [0x00000007d8e80000,0x00000007d8e80000,0x00000007d9380000)
 ParOldGen       total 84480K, used 20942K [0x0000000783e00000, 0x0000000789080000, 0x00000007d6a00000)
  object space 84480K, 24% used [0x0000000783e00000,0x0000000785273a88,0x0000000789080000)
 PSPermGen       total 21504K, used 18737K [0x0000000779800000, 0x000000077ad00000, 0x0000000783e00000)
  object space 21504K, 87% used [0x0000000779800000,0x000000077aa4c768,0x000000077ad00000)
Event: 11145,766 GC heap after
Heap after GC invocations=106 (full 51):
 PSYoungGen      total 37376K, used 0K [0x00000007d6a00000, 0x00000007d9380000, 0x0000000800000000)
  eden space 32256K, 0% used [0x00000007d6a00000,0x00000007d6a00000,0x00000007d8980000)
  from space 5120K, 0% used [0x00000007d8980000,0x00000007d8980000,0x00000007d8e80000)
  to   space 5120K, 0% used [0x00000007d8e80000,0x00000007d8e80000,0x00000007d9380000)
 ParOldGen       total 84480K, used 18042K [0x0000000783e00000, 0x0000000789080000, 0x00000007d6a00000)
  object space 84480K, 21% used [0x0000000783e00000,0x0000000784f9eb18,0x0000000789080000)
 PSPermGen       total 21504K, used 18737K [0x0000000779800000, 0x000000077ad00000, 0x0000000783e00000)
  object space 21504K, 87% used [0x0000000779800000,0x000000077aa4c768,0x000000077ad00000)
}

